<?xml version="1.0" encoding="UTF-8"?>
<!-- Generated by org.testng.reporters.JUnitReportReporter -->
<testsuite skipped="0" hostname="LAPTOP-O8C300U5" name="com.Vtiger.OpportunityModule.OpportunityModuleTC33" tests="1" failures="0" timestamp="2020-01-05T12:20:51 IST" time="13.818" errors="0">
  <testcase name="serachOpportunityName" time="13.818" classname="com.Vtiger.OpportunityModule.OpportunityModuleTC33"/>
</testsuite> <!-- com.Vtiger.OpportunityModule.OpportunityModuleTC33 -->
