<?xml version="1.0" encoding="UTF-8"?>
<!-- Generated by org.testng.reporters.JUnitReportReporter -->
<testsuite skipped="0" hostname="LAPTOP-O8C300U5" name="com.Vtiger.OpportunityModule.OpporunityModuleTC35" tests="1" failures="0" timestamp="2020-03-09T16:48:14 IST" time="8.989" errors="0">
  <testcase name="searchSaleStage" time="8.989" classname="com.Vtiger.OpportunityModule.OpporunityModuleTC35"/>
</testsuite> <!-- com.Vtiger.OpportunityModule.OpporunityModuleTC35 -->
