<?xml version="1.0" encoding="UTF-8"?>
<!-- Generated by org.testng.reporters.JUnitReportReporter -->
<testsuite skipped="0" hostname="LAPTOP-O8C300U5" name="com.Vtiger.OpportunityModule.OpportunityModuleTC33" tests="1" failures="0" timestamp="2020-03-09T16:48:14 IST" time="15.280" errors="0">
  <testcase name="serachOpportunityName" time="15.280" classname="com.Vtiger.OpportunityModule.OpportunityModuleTC33"/>
</testsuite> <!-- com.Vtiger.OpportunityModule.OpportunityModuleTC33 -->
